0 info it worked if it ends with ok
1 verbose cli [ 'node',
1 verbose cli   '/home/daemos/.linuxbrew/bin/npm',
1 verbose cli   'install',
1 verbose cli   '--save',
1 verbose cli   'angular-materials' ]
2 info using npm@2.11.2
3 info using node@v0.12.5
4 verbose node symlink /home/daemos/.linuxbrew/bin/node
5 verbose install initial load of /home/daemos/Desktop/Hack_Reactor/karmaExchangeIonic/package.json
6 warn package.json karmaexchangeionic@1.1.1 No repository field.
7 warn package.json karmaexchangeionic@1.1.1 No README data
8 warn package.json karmaexchangeionic@1.1.1 No license field.
9 verbose installManyTop reading scoped package data from /home/daemos/Desktop/Hack_Reactor/karmaExchangeIonic/node_modules/ansi-regex/package.json
10 verbose installManyTop reading scoped package data from /home/daemos/Desktop/Hack_Reactor/karmaExchangeIonic/node_modules/body-parser/package.json
11 verbose installManyTop reading scoped package data from /home/daemos/Desktop/Hack_Reactor/karmaExchangeIonic/node_modules/bower/package.json
12 verbose installManyTop reading scoped package data from /home/daemos/Desktop/Hack_Reactor/karmaExchangeIonic/node_modules/chalk/package.json
13 verbose installManyTop reading scoped package data from /home/daemos/Desktop/Hack_Reactor/karmaExchangeIonic/node_modules/docco/package.json
14 verbose installManyTop reading scoped package data from /home/daemos/Desktop/Hack_Reactor/karmaExchangeIonic/node_modules/escape-string-regexp/package.json
15 verbose installManyTop reading scoped package data from /home/daemos/Desktop/Hack_Reactor/karmaExchangeIonic/node_modules/express/package.json
16 verbose installManyTop reading scoped package data from /home/daemos/Desktop/Hack_Reactor/karmaExchangeIonic/node_modules/express-session/package.json
17 verbose installManyTop reading scoped package data from /home/daemos/Desktop/Hack_Reactor/karmaExchangeIonic/node_modules/faker/package.json
18 verbose installManyTop reading scoped package data from /home/daemos/Desktop/Hack_Reactor/karmaExchangeIonic/node_modules/gaze/package.json
19 verbose installManyTop reading scoped package data from /home/daemos/Desktop/Hack_Reactor/karmaExchangeIonic/node_modules/gulp/package.json
20 verbose installManyTop reading scoped package data from /home/daemos/Desktop/Hack_Reactor/karmaExchangeIonic/node_modules/gulp-concat/package.json
21 verbose installManyTop reading scoped package data from /home/daemos/Desktop/Hack_Reactor/karmaExchangeIonic/node_modules/gulp-minify-css/package.json
22 verbose installManyTop reading scoped package data from /home/daemos/Desktop/Hack_Reactor/karmaExchangeIonic/node_modules/gulp-rename/package.json
23 verbose installManyTop reading scoped package data from /home/daemos/Desktop/Hack_Reactor/karmaExchangeIonic/node_modules/gulp-sass/package.json
24 verbose installManyTop reading scoped package data from /home/daemos/Desktop/Hack_Reactor/karmaExchangeIonic/node_modules/gulp-util/package.json
25 verbose installManyTop reading scoped package data from /home/daemos/Desktop/Hack_Reactor/karmaExchangeIonic/node_modules/mkdirp/package.json
26 verbose installManyTop reading scoped package data from /home/daemos/Desktop/Hack_Reactor/karmaExchangeIonic/node_modules/mysql/package.json
27 verbose installManyTop reading scoped package data from /home/daemos/Desktop/Hack_Reactor/karmaExchangeIonic/node_modules/nodemon/package.json
28 verbose installManyTop reading scoped package data from /home/daemos/Desktop/Hack_Reactor/karmaExchangeIonic/node_modules/once/package.json
29 verbose installManyTop reading scoped package data from /home/daemos/Desktop/Hack_Reactor/karmaExchangeIonic/node_modules/os-homedir/package.json
30 verbose installManyTop reading scoped package data from /home/daemos/Desktop/Hack_Reactor/karmaExchangeIonic/node_modules/passport/package.json
31 verbose installManyTop reading scoped package data from /home/daemos/Desktop/Hack_Reactor/karmaExchangeIonic/node_modules/passport-facebook/package.json
32 verbose installManyTop reading scoped package data from /home/daemos/Desktop/Hack_Reactor/karmaExchangeIonic/node_modules/passport-oauth2-refresh/package.json
33 verbose installManyTop reading scoped package data from /home/daemos/Desktop/Hack_Reactor/karmaExchangeIonic/node_modules/request/package.json
34 verbose installManyTop reading scoped package data from /home/daemos/Desktop/Hack_Reactor/karmaExchangeIonic/node_modules/semver/package.json
35 verbose installManyTop reading scoped package data from /home/daemos/Desktop/Hack_Reactor/karmaExchangeIonic/node_modules/shelljs/package.json
36 verbose installManyTop reading scoped package data from /home/daemos/Desktop/Hack_Reactor/karmaExchangeIonic/node_modules/strip-ansi/package.json
37 verbose installManyTop reading scoped package data from /home/daemos/Desktop/Hack_Reactor/karmaExchangeIonic/node_modules/underscore/package.json
38 info package.json gaze@0.5.2 No license field.
39 info package.json docco@0.7.0 No license field.
40 info package.json gulp-util@2.2.20 No license field.
41 info package.json shelljs@0.3.0 license should be a valid SPDX license expression
42 info package.json gulp-minify-css@0.3.13 No license field.
43 info package.json gulp-rename@1.2.2 No license field.
44 verbose readDependencies loading dependencies from /home/daemos/Desktop/Hack_Reactor/karmaExchangeIonic/package.json
45 silly cache add args [ 'angular-materials', null ]
46 verbose cache add spec angular-materials
47 silly cache add parsed spec { raw: 'angular-materials',
47 silly cache add   scope: null,
47 silly cache add   name: 'angular-materials',
47 silly cache add   rawSpec: '',
47 silly cache add   spec: '*',
47 silly cache add   type: 'range' }
48 silly addNamed angular-materials@*
49 verbose addNamed "*" is a valid semver range for angular-materials
50 silly addNameRange { name: 'angular-materials', range: '*', hasData: false }
51 silly mapToRegistry name angular-materials
52 silly mapToRegistry using default registry
53 silly mapToRegistry registry https://registry.npmjs.org/
54 silly mapToRegistry uri https://registry.npmjs.org/angular-materials
55 verbose addNameRange registry:https://registry.npmjs.org/angular-materials not in flight; fetching
56 verbose request uri https://registry.npmjs.org/angular-materials
57 verbose request no auth needed
58 info attempt registry request try #1 at 18:18:43
59 verbose request id bf75bd9263de6c9a
60 http request GET https://registry.npmjs.org/angular-materials
61 http 404 https://registry.npmjs.org/angular-materials
62 verbose headers { 'content-type': 'application/json',
62 verbose headers   'cache-control': 'max-age=0',
62 verbose headers   'content-length': '2',
62 verbose headers   'accept-ranges': 'bytes',
62 verbose headers   date: 'Mon, 08 Feb 2016 02:18:43 GMT',
62 verbose headers   via: '1.1 varnish',
62 verbose headers   age: '0',
62 verbose headers   connection: 'keep-alive',
62 verbose headers   'x-served-by': 'cache-sjc3121-SJC',
62 verbose headers   'x-cache': 'MISS',
62 verbose headers   'x-cache-hits': '0',
62 verbose headers   'x-timer': 'S1454897923.524702,VS0,VE47' }
63 silly get cb [ 404,
63 silly get   { 'content-type': 'application/json',
63 silly get     'cache-control': 'max-age=0',
63 silly get     'content-length': '2',
63 silly get     'accept-ranges': 'bytes',
63 silly get     date: 'Mon, 08 Feb 2016 02:18:43 GMT',
63 silly get     via: '1.1 varnish',
63 silly get     age: '0',
63 silly get     connection: 'keep-alive',
63 silly get     'x-served-by': 'cache-sjc3121-SJC',
63 silly get     'x-cache': 'MISS',
63 silly get     'x-cache-hits': '0',
63 silly get     'x-timer': 'S1454897923.524702,VS0,VE47' } ]
64 verbose stack Error: Registry returned 404 for GET on https://registry.npmjs.org/angular-materials
64 verbose stack     at CachingRegistryClient.<anonymous> (/home/daemos/.linuxbrew/lib/node_modules/npm/node_modules/npm-registry-client/lib/request.js:239:14)
64 verbose stack     at Request._callback (/home/daemos/.linuxbrew/lib/node_modules/npm/node_modules/npm-registry-client/lib/request.js:170:14)
64 verbose stack     at Request.self.callback (/home/daemos/.linuxbrew/lib/node_modules/npm/node_modules/request/request.js:354:22)
64 verbose stack     at Request.emit (events.js:110:17)
64 verbose stack     at Request.<anonymous> (/home/daemos/.linuxbrew/lib/node_modules/npm/node_modules/request/request.js:1207:14)
64 verbose stack     at Request.emit (events.js:129:20)
64 verbose stack     at IncomingMessage.<anonymous> (/home/daemos/.linuxbrew/lib/node_modules/npm/node_modules/request/request.js:1153:12)
64 verbose stack     at IncomingMessage.emit (events.js:129:20)
64 verbose stack     at _stream_readable.js:908:16
64 verbose stack     at process._tickCallback (node.js:355:11)
65 verbose statusCode 404
66 verbose pkgid angular-materials
67 verbose cwd /home/daemos/Desktop/Hack_Reactor/karmaExchangeIonic
68 error Linux 3.16.0-60-generic
69 error argv "node" "/home/daemos/.linuxbrew/bin/npm" "install" "--save" "angular-materials"
70 error node v0.12.5
71 error npm  v2.11.2
72 error code E404
73 error 404 Registry returned 404 for GET on https://registry.npmjs.org/angular-materials
73 error 404
73 error 404 'angular-materials' is not in the npm registry.
73 error 404 You should bug the author to publish it (or use the name yourself!)
73 error 404 It was specified as a dependency of 'karmaexchangeionic'
73 error 404
73 error 404 Note that you can also install from a
73 error 404 tarball, folder, http url, or git url.
74 verbose exit [ 1, true ]
